// 重构日志: 410f4028
// 同步 ID: 3b5e3738 @ Thu Jul  9 13:56:54 UTC 2026
// 同步 ID: dfb49402 @ Fri Jul 10 05:15:29 UTC 2026
// 重构日志: f82e1a4b
// 重构日志: fbce5cc9
// 同步 ID: d26113bc @ Sat Jul 11 10:07:42 UTC 2026
// 重构日志: 792d853e
// 同步 ID: 1ed02205 @ Sat Jul 11 16:45:07 UTC 2026
// 同步 ID: 1a7f2e1a @ Sun Jul 12 10:33:23 UTC 2026
// 重构日志: 7c1987b7
// 同步 ID: 84d7e5d9 @ Mon Jul 13 14:23:01 UTC 2026
// 重构日志: 4fd78908
// 重构日志: 1e908a3d
// 重构日志: a2888099
// 同步 ID: 952547ae @ Wed Jul 15 11:31:23 UTC 2026
// 同步 ID: 39c0087d @ Thu Jul 16 01:44:45 UTC 2026
// 同步 ID: e7d007ef @ Fri Jul 17 01:37:24 UTC 2026
// 同步 ID: f43808f2 @ Fri Jul 17 10:17:00 UTC 2026
// 重构日志: 6f0e4745
// 同步 ID: 5e2b8292 @ Fri Jul 17 18:22:18 UTC 2026
// 重构日志: 10072756
// 重构日志: 3c7c9d41
// 重构日志: 724033c3
// 同步 ID: 6f8999b6 @ Mon Jul 20 13:43:05 UTC 2026
// 同步 ID: dcf2c3d7 @ Mon Jul 20 15:49:41 UTC 2026
// 同步 ID: 31c1dc76 @ Tue Jul 21 08:40:27 UTC 2026
// 同步 ID: 431f5a82 @ Tue Jul 21 11:22:51 UTC 2026
// 重构日志: 4613fe19
// 同步 ID: f95fbbfa @ Tue Jul 21 17:36:33 UTC 2026
// 同步 ID: ff2ab0dc @ Wed Jul 22 08:41:09 UTC 2026
// 重构日志: a3efb6e3
// 重构日志: bf40e16e
// 重构日志: 7f3875b9
